0 info it worked if it ends with ok
1 verbose cli [ '/Users/thanoss/.nvm/versions/node/v4.4.0/bin/node',
1 verbose cli   '/Users/thanoss/.nvm/versions/node/v4.4.0/bin/npm',
1 verbose cli   'version',
1 verbose cli   '0.1.0' ]
2 info using npm@3.8.1
3 info using node@v4.4.0
4 info git [ 'status', '--porcelain' ]
5 verbose stack Error: Git working directory not clean.
5 verbose stack D index.js
5 verbose stack M package.json
5 verbose stack D semantic-calendar.js
5 verbose stack     at /Users/thanoss/.nvm/versions/node/v4.4.0/lib/node_modules/npm/lib/version.js:246:19
5 verbose stack     at ChildProcess.exithandler (child_process.js:204:7)
5 verbose stack     at emitTwo (events.js:87:13)
5 verbose stack     at ChildProcess.emit (events.js:172:7)
5 verbose stack     at maybeClose (internal/child_process.js:827:16)
5 verbose stack     at Socket.<anonymous> (internal/child_process.js:319:11)
5 verbose stack     at emitOne (events.js:77:13)
5 verbose stack     at Socket.emit (events.js:169:7)
5 verbose stack     at Pipe._onclose (net.js:475:12)
6 verbose cwd /Users/thanoss/Projects/Matches/mf-semantic-ui-calendar
7 error Darwin 15.3.0
8 error argv "/Users/thanoss/.nvm/versions/node/v4.4.0/bin/node" "/Users/thanoss/.nvm/versions/node/v4.4.0/bin/npm" "version" "0.1.0"
9 error node v4.4.0
10 error npm  v3.8.1
11 error Git working directory not clean.
11 error D index.js
11 error M package.json
11 error D semantic-calendar.js
12 error If you need help, you may report this error at:
12 error     <https://github.com/npm/npm/issues>
13 verbose exit [ 1, true ]
